2026-03-22 15:17:21,878 - INFO - Starting Extraction...
2026-03-22 15:17:21,881 - ERROR - Extraction failed: [Errno 2] No such file or directory: 'data/superstore.csv'
2026-03-22 15:19:53,159 - INFO - Starting Extraction...
2026-03-22 15:19:53,173 - ERROR - Extraction failed: 'charmap' codec can't decode byte 0x9d in position 135779: character maps to <undefined>
2026-03-22 15:22:25,257 - INFO - Starting Extraction...
2026-03-22 15:22:25,834 - INFO - Extraction successful. Rows loaded: 51290
2026-03-22 15:22:25,835 - INFO - Starting Transformation...
2026-03-22 15:22:25,853 - ERROR - Transformation failed: time data "13/01/2011" doesn't match format "%m/%d/%Y", at position 12. You might want to try:
    - passing `format` if your strings have a consistent format;
    - passing `format='ISO8601'` if your strings are all ISO8601 but not necessarily in exactly the same format;
    - passing `format='mixed'`, and the format will be inferred for each element individually. You might want to use `dayfirst` alongside this.
2026-03-22 15:24:08,793 - INFO - Starting Extraction...
2026-03-22 15:24:09,341 - INFO - Extraction successful. Rows loaded: 51290
2026-03-22 15:24:09,341 - INFO - Starting Transformation...
2026-03-22 15:24:09,399 - ERROR - Transformation failed: 'postal_code'
2026-03-22 15:25:14,444 - INFO - Starting Extraction...
2026-03-22 15:25:14,940 - INFO - Extraction successful. Rows loaded: 51290
2026-03-22 15:25:14,941 - INFO - Starting Transformation...
2026-03-22 15:25:14,963 - WARNING - Postal code column not found. Creating a dummy column.
2026-03-22 15:25:15,119 - INFO - Transformation successful. Columns: ['order_id', 'order_date', 'ship_date', 'ship_mode', 'customer_name', 'segment', 'state', 'country', 'market', 'region', 'product_id', 'category', 'sub_category', 'product_name', 'sales', 'quantity', 'discount', 'profit', 'shipping_cost', 'order_priority', 'year', 'postal_code', 'revenue', 'unit_price']
2026-03-22 15:25:15,119 - INFO - Starting Load...
2026-03-22 15:25:15,340 - ERROR - Load failed: (pymysql.err.OperationalError) (1045, "Access denied for user 'root'@'localhost' (using password: YES)")
(Background on this error at: https://sqlalche.me/e/20/e3q8)
2026-03-22 15:27:23,312 - INFO - Starting Extraction...
2026-03-22 15:27:23,843 - INFO - Extraction successful. Rows loaded: 51290
2026-03-22 15:27:23,843 - INFO - Starting Transformation...
2026-03-22 15:27:23,860 - WARNING - Postal code column not found. Creating a dummy column.
2026-03-22 15:27:24,028 - INFO - Transformation successful. Columns: ['order_id', 'order_date', 'ship_date', 'ship_mode', 'customer_name', 'segment', 'state', 'country', 'market', 'region', 'product_id', 'category', 'sub_category', 'product_name', 'sales', 'quantity', 'discount', 'profit', 'shipping_cost', 'order_priority', 'year', 'postal_code', 'revenue', 'unit_price']
2026-03-22 15:27:24,028 - INFO - Starting Load...
2026-03-22 15:27:25,164 - ERROR - Load failed: (pymysql.err.OperationalError) (1054, "Unknown column 'market' in 'field list'")
[SQL: INSERT INTO stg_superstore_sales (order_id, order_date, ship_date, ship_mode, customer_name, segment, state, country, market, region, product_id, category, sub_category, product_name, sales, quantity, discount, profit, shipping_cost, order_priority, year, postal_code, revenue, unit_price) VALUES (%(order_id)s, %(order_date)s, %(ship_date)s, %(ship_mode)s, %(customer_name)s, %(segment)s, %(state)s, %(country)s, %(market)s, %(region)s, %(product_id)s, %(category)s, %(sub_category)s, %(product_name)s, %(sales)s, %(quantity)s, %(discount)s, %(profit)s, %(shipping_cost)s, %(order_priority)s, %(year)s, %(postal_code)s, %(revenue)s, %(unit_price)s)]
[parameters: [{'order_id': 'AG-2011-2040', 'order_date': datetime.datetime(2011, 1, 1, 0, 0), 'ship_date': datetime.datetime(2011, 1, 6, 0, 0), 'ship_mode': 'Standard Class', 'customer_name': 'Toby Braunhardt', 'segment': 'Consumer', 'state': 'Constantine', 'country': 'Algeria', 'market': 'Africa', 'region': 'Africa', 'product_id': 'OFF-TEN-10000025', 'category': 'Office Supplies', 'sub_category': 'Storage', 'product_name': 'Tenex Lockers, Blue', 'sales': 408.0, 'quantity': 2, 'discount': 0.0, 'profit': 106.14, 'shipping_cost': 35.46, 'order_priority': 'Medium', 'year': 2011, 'postal_code': '00000', 'revenue': 408.0, 'unit_price': 204.0}, {'order_id': 'IN-2011-47883', 'order_date': datetime.datetime(2011, 1, 1, 0, 0), 'ship_date': datetime.datetime(2011, 1, 8, 0, 0), 'ship_mode': 'Standard Class', 'customer_name': 'Joseph Holt', 'segment': 'Consumer', 'state': 'New South Wales', 'country': 'Australia', 'market': 'APAC', 'region': 'Oceania', 'product_id': 'OFF-SU-10000618', 'category': 'Office Supplies', 'sub_category': 'Supplies', 'product_name': 'Acme Trimmer, High Speed', 'sales': 120.0, 'quantity': 3, 'discount': 0.1, 'profit': 36.036, 'shipping_cost': 9.72, 'order_priority': 'Medium', 'year': 2011, 'postal_code': '00000', 'revenue': 120.0, 'unit_price': 40.0}, {'order_id': 'HU-2011-1220', 'order_date': datetime.datetime(2011, 1, 1, 0, 0), 'ship_date': datetime.datetime(2011, 1, 5, 0, 0), 'ship_mode': 'Second Class', 'customer_name': 'Annie Thurman', 'segment': 'Consumer', 'state': 'Budapest', 'country': 'Hungary', 'market': 'EMEA', 'region': 'EMEA', 'product_id': 'OFF-TEN-10001585', 'category': 'Office Supplies', 'sub_category': 'Storage', 'product_name': 'Tenex Box, Single Width', 'sales': 66.0, 'quantity': 4, 'discount': 0.0, 'profit': 29.64, 'shipping_cost': 8.17, 'order_priority': 'High', 'year': 2011, 'postal_code': '00000', 'revenue': 66.0, 'unit_price': 16.5}, {'order_id': 'IT-2011-3647632', 'order_date': datetime.datetime(2011, 1, 1, 0, 0), 'ship_date': datetime.datetime(2011, 1, 5, 0, 0), 'ship_mode': 'Second Class', 'customer_name': 'Eugene Moren', 'segment': 'Home Office', 'state': 'Stockholm', 'country': 'Sweden', 'market': 'EU', 'region': 'North', 'product_id': 'OFF-PA-10001492', 'category': 'Office Supplies', 'sub_category': 'Paper', 'product_name': 'Enermax Note Cards, Premium', 'sales': 45.0, 'quantity': 3, 'discount': 0.5, 'profit': -26.055, 'shipping_cost': 4.82, 'order_priority': 'High', 'year': 2011, 'postal_code': '00000', 'revenue': 45.0, 'unit_price': 15.0}, {'order_id': 'IN-2011-47883', 'order_date': datetime.datetime(2011, 1, 1, 0, 0), 'ship_date': datetime.datetime(2011, 1, 8, 0, 0), 'ship_mode': 'Standard Class', 'customer_name': 'Joseph Holt', 'segment': 'Consumer', 'state': 'New South Wales', 'country': 'Australia', 'market': 'APAC', 'region': 'Oceania', 'product_id': 'FUR-FU-10003447', 'category': 'Furniture', 'sub_category': 'Furnishings', 'product_name': 'Eldon Light Bulb, Duo Pack', 'sales': 114.0, 'quantity': 5, 'discount': 0.1, 'profit': 37.77, 'shipping_cost': 4.7, 'order_priority': 'Medium', 'year': 2011, 'postal_code': '00000', 'revenue': 114.0, 'unit_price': 22.8}, {'order_id': 'IN-2011-47883', 'order_date': datetime.datetime(2011, 1, 1, 0, 0), 'ship_date': datetime.datetime(2011, 1, 8, 0, 0), 'ship_mode': 'Standard Class', 'customer_name': 'Joseph Holt', 'segment': 'Consumer', 'state': 'New South Wales', 'country': 'Australia', 'market': 'APAC', 'region': 'Oceania', 'product_id': 'OFF-PA-10001968', 'category': 'Office Supplies', 'sub_category': 'Paper', 'product_name': 'Eaton Computer Printout Paper, 8.5 x 11', 'sales': 55.0, 'quantity': 2, 'discount': 0.1, 'profit': 15.342, 'shipping_cost': 1.8, 'order_priority': 'Medium', 'year': 2011, 'postal_code': '00000', 'revenue': 55.0, 'unit_price': 27.5}, {'order_id': 'CA-2011-1510', 'order_date': datetime.datetime(2011, 1, 2, 0, 0), 'ship_date': datetime.datetime(2011, 1, 6, 0, 0), 'ship_mode': 'Standard Class', 'customer_name': 'Magdelene Morse', 'segment': 'Consumer', 'state': 'Ontario', 'country': 'Canada', 'market': 'Canada', 'region': 'Canada', 'product_id': 'TEC-OKI-10002750', 'category': 'Technology', 'sub_category': 'Machines', 'product_name': 'Okidata Inkjet, Wireless', 'sales': 314.0, 'quantity': 1, 'discount': 0.0, 'profit': 3.12, 'shipping_cost': 24.1, 'order_priority': 'Medium', 'year': 2011, 'postal_code': '00000', 'revenue': 314.0, 'unit_price': 314.0}, {'order_id': 'IN-2011-79397', 'order_date': datetime.datetime(2011, 1, 3, 0, 0), 'ship_date': datetime.datetime(2011, 1, 3, 0, 0), 'ship_mode': 'Same Day', 'customer_name': 'Kean Nguyen', 'segment': 'Corporate', 'state': 'New South Wales', 'country': 'Australia', 'market': 'APAC', 'region': 'Oceania', 'product_id': 'OFF-AP-10000304', 'category': 'Office Supplies', 'sub_category': 'Appliances', 'product_name': 'Hoover Microwave, White', 'sales': 276.0, 'quantity': 1, 'discount': 0.1, 'profit': 110.412, 'shipping_cost': 125.32, 'order_priority': 'Critical', 'year': 2011, 'postal_code': '00000', 'revenue': 276.0, 'unit_price': 276.0}  ... displaying 10 of 51290 total bound parameter sets ...  {'order_id': 'MX-2014-114783', 'order_date': datetime.datetime(2014, 12, 31, 0, 0), 'ship_date': datetime.datetime(2015, 1, 6, 0, 0), 'ship_mode': 'Standard Class', 'customer_name': 'Tamara Dahlen', 'segment': 'Consumer', 'state': 'Chihuahua', 'country': 'Mexico', 'market': 'LATAM', 'region': 'North', 'product_id': 'OFF-LA-10000413', 'category': 'Office Supplies', 'sub_category': 'Labels', 'product_name': 'Hon Legal Exhibit Labels, Alphabetical', 'sales': 7.0, 'quantity': 1, 'discount': 0.0, 'profit': 0.56, 'shipping_cost': 0.2, 'order_priority': 'Medium', 'year': 2014, 'postal_code': '00000', 'revenue': 7.0, 'unit_price': 7.0}, {'order_id': 'CA-2014-156720', 'order_date': datetime.datetime(2014, 12, 31, 0, 0), 'ship_date': datetime.datetime(2015, 1, 4, 0, 0), 'ship_mode': 'Standard Class', 'customer_name': 'Jill Matthias', 'segment': 'Consumer', 'state': 'Colorado', 'country': 'United States', 'market': 'US', 'region': 'West', 'product_id': 'OFF-FA-10003472', 'category': 'Office Supplies', 'sub_category': 'Fasteners', 'product_name': 'Bagged Rubber Bands', 'sales': 3.0, 'quantity': 3, 'discount': 0.2, 'profit': -0.6048, 'shipping_cost': 0.17, 'order_priority': 'Medium', 'year': 2014, 'postal_code': '00000', 'revenue': 3.0, 'unit_price': 1.0}]]
(Background on this error at: https://sqlalche.me/e/20/e3q8)
2026-03-22 15:31:57,100 - INFO - Starting Extraction...
2026-03-22 15:31:57,600 - INFO - Extraction successful. Rows loaded: 51290
2026-03-22 15:31:57,600 - INFO - Starting Transformation...
2026-03-22 15:31:57,621 - WARNING - Postal code column not found. Creating a dummy column.
2026-03-22 15:31:57,765 - INFO - Transformation successful. Columns: ['order_id', 'order_date', 'ship_date', 'ship_mode', 'customer_name', 'segment', 'state', 'country', 'market', 'region', 'product_id', 'category', 'sub_category', 'product_name', 'sales', 'quantity', 'discount', 'profit', 'shipping_cost', 'order_priority', 'year', 'postal_code', 'revenue', 'unit_price']
2026-03-22 15:31:57,766 - INFO - Starting Load...
2026-03-22 15:32:03,156 - INFO - Load successful. 51290 records inserted.
2026-03-22 15:32:03,809 - INFO - Validation complete. Total rows in DB: 51290. Null OrderIDs: 0
